# Logfile created on Tue Jun 08 11:01:35 +0900 2010INFO: Mirroring assets from /usr/lib/ruby/gems/1.8/gems/spree-0.10.2/vendor/extensions/localization/public to /home/itaba/wakame-spree/public
INFO: Mirroring assets from /usr/lib/ruby/gems/1.8/gems/spree-0.10.2/vendor/extensions/theme_default/public to /home/itaba/wakame-spree/public
INFO: Mirroring assets from /usr/lib/ruby/gems/1.8/gems/spree-0.10.2/vendor/extensions/overview_dashboard/public to /home/itaba/wakame-spree/public
INFO: Mirroring assets from /usr/lib/ruby/gems/1.8/gems/spree-0.10.2/vendor/extensions/payment_gateway/public to /home/itaba/wakame-spree/public
INFO: Mirroring assets from /home/itaba/wakame-spree/vendor/extensions/site/public to /home/itaba/wakame-spree/public
INFO: Loading mail preferences
=========================================================================
ERROR: Something went wrong while loading mail preferences
       Verify you created a default configuration in admin/configurations
=========================================================================
INFO: Loading initializer /home/itaba/wakame-spree/vendor/extensions/site/config/initializers/session_store.rb
INFO: Loading routes from /usr/lib/ruby/gems/1.8/gems/spree-0.10.2/vendor/extensions/localization/config/routes.rb
INFO: Loading routes from /usr/lib/ruby/gems/1.8/gems/spree-0.10.2/vendor/extensions/api/config/routes.rb
INFO: Loading routes from /usr/lib/ruby/gems/1.8/gems/spree-0.10.2/vendor/extensions/overview_dashboard/config/routes.rb
INFO: Loading routes from /usr/lib/ruby/gems/1.8/gems/spree-0.10.2/vendor/extensions/payment_gateway/config/routes.rb
INFO: Loading routes from /home/itaba/wakame-spree/vendor/extensions/site/config/routes.rb


Processing ProductsController#index (for 127.0.0.1 at 2010-06-08 11:30:23) [GET]
  Parameters: {"action"=>"index", "controller"=>"products"}

ActiveRecord::StatementInvalid (Mysql::Error: Table 'wakame-spree.product_groups' doesn't exist: SHOW FIELDS FROM `product_groups`):
  spree (0.10.2) lib/spree/search.rb:25:in `new'
  spree (0.10.2) lib/spree/search.rb:25:in `retrieve_products'
  spree (0.10.2) app/controllers/products_controller.rb:37:in `collection'
  passenger (2.2.11) lib/phusion_passenger/rack/request_handler.rb:92:in `process_request'
  passenger (2.2.11) lib/phusion_passenger/abstract_request_handler.rb:207:in `main_loop'
  passenger (2.2.11) lib/phusion_passenger/railz/application_spawner.rb:418:in `start_request_handler'
  passenger (2.2.11) lib/phusion_passenger/railz/application_spawner.rb:358:in `handle_spawn_application'
  passenger (2.2.11) lib/phusion_passenger/utils.rb:184:in `safe_fork'
  passenger (2.2.11) lib/phusion_passenger/railz/application_spawner.rb:354:in `handle_spawn_application'
  passenger (2.2.11) lib/phusion_passenger/abstract_server.rb:352:in `__send__'
  passenger (2.2.11) lib/phusion_passenger/abstract_server.rb:352:in `main_loop'
  passenger (2.2.11) lib/phusion_passenger/abstract_server.rb:196:in `start_synchronously'
  passenger (2.2.11) lib/phusion_passenger/abstract_server.rb:163:in `start'
  passenger (2.2.11) lib/phusion_passenger/railz/application_spawner.rb:213:in `start'
  passenger (2.2.11) lib/phusion_passenger/spawn_manager.rb:262:in `spawn_rails_application'
  passenger (2.2.11) lib/phusion_passenger/abstract_server_collection.rb:126:in `lookup_or_add'
  passenger (2.2.11) lib/phusion_passenger/spawn_manager.rb:256:in `spawn_rails_application'
  passenger (2.2.11) lib/phusion_passenger/abstract_server_collection.rb:80:in `synchronize'
  passenger (2.2.11) lib/phusion_passenger/abstract_server_collection.rb:79:in `synchronize'
  passenger (2.2.11) lib/phusion_passenger/spawn_manager.rb:255:in `spawn_rails_application'
  passenger (2.2.11) lib/phusion_passenger/spawn_manager.rb:154:in `spawn_application'
  passenger (2.2.11) lib/phusion_passenger/spawn_manager.rb:287:in `handle_spawn_application'
  passenger (2.2.11) lib/phusion_passenger/abstract_server.rb:352:in `__send__'
  passenger (2.2.11) lib/phusion_passenger/abstract_server.rb:352:in `main_loop'
  passenger (2.2.11) lib/phusion_passenger/abstract_server.rb:196:in `start_synchronously'

Rendering rescues/layout (internal_server_error)
